ERROR - 2022-07-05 09:56:48 --> Table 'security' is marked as crashed and should be repaired
CRITICAL - 2022-07-05 09:56:48 --> Call to a member function getResult() on bool
#0 F:\SOFTWARES\htdocs\HMS\system\BaseModel.php(584): CodeIgniter\Model->doFindAll(0, 0)
#1 F:\SOFTWARES\htdocs\HMS\app\Controllers\Warden_Chats.php(153): CodeIgniter\BaseModel->findAll()
#2 F:\SOFTWARES\htdocs\HMS\system\CodeIgniter.php(832): App\Controllers\Warden_Chats->getSecurity()
#3 F:\SOFTWARES\htdocs\HMS\system\CodeIgniter.php(419): CodeIgniter\CodeIgniter->runController(Object(App\Controllers\Warden_Chats))
#4 F:\SOFTWARES\htdocs\HMS\system\CodeIgniter.php(326): CodeIgniter\CodeIgniter->handleRequest(NULL, Object(Config\Cache), false)
#5 F:\SOFTWARES\htdocs\HMS\index.php(37): CodeIgniter\CodeIgniter->run()
#6 {main}
ERROR - 2022-07-05 09:56:52 --> Table 'security' is marked as crashed and should be repaired
CRITICAL - 2022-07-05 09:56:52 --> Call to a member function getResult() on bool
#0 F:\SOFTWARES\htdocs\HMS\system\BaseModel.php(584): CodeIgniter\Model->doFindAll(0, 0)
#1 F:\SOFTWARES\htdocs\HMS\app\Controllers\Warden_Chats.php(153): CodeIgniter\BaseModel->findAll()
#2 F:\SOFTWARES\htdocs\HMS\system\CodeIgniter.php(832): App\Controllers\Warden_Chats->getSecurity()
#3 F:\SOFTWARES\htdocs\HMS\system\CodeIgniter.php(419): CodeIgniter\CodeIgniter->runController(Object(App\Controllers\Warden_Chats))
#4 F:\SOFTWARES\htdocs\HMS\system\CodeIgniter.php(326): CodeIgniter\CodeIgniter->handleRequest(NULL, Object(Config\Cache), false)
#5 F:\SOFTWARES\htdocs\HMS\index.php(37): CodeIgniter\CodeIgniter->run()
#6 {main}
ERROR - 2022-07-05 09:58:02 --> Table 'security' is marked as crashed and should be repaired
CRITICAL - 2022-07-05 09:58:02 --> Call to a member function getResult() on bool
#0 F:\SOFTWARES\htdocs\HMS\system\BaseModel.php(584): CodeIgniter\Model->doFindAll(0, 0)
#1 F:\SOFTWARES\htdocs\HMS\app\Controllers\Warden_Chats.php(153): CodeIgniter\BaseModel->findAll()
#2 F:\SOFTWARES\htdocs\HMS\system\CodeIgniter.php(832): App\Controllers\Warden_Chats->getSecurity()
#3 F:\SOFTWARES\htdocs\HMS\system\CodeIgniter.php(419): CodeIgniter\CodeIgniter->runController(Object(App\Controllers\Warden_Chats))
#4 F:\SOFTWARES\htdocs\HMS\system\CodeIgniter.php(326): CodeIgniter\CodeIgniter->handleRequest(NULL, Object(Config\Cache), false)
#5 F:\SOFTWARES\htdocs\HMS\index.php(37): CodeIgniter\CodeIgniter->run()
#6 {main}
ERROR - 2022-07-05 10:00:02 --> Table 'security' is marked as crashed and should be repaired
CRITICAL - 2022-07-05 10:00:02 --> Call to a member function getResult() on bool
#0 F:\SOFTWARES\htdocs\HMS\system\BaseModel.php(584): CodeIgniter\Model->doFindAll(0, 0)
#1 F:\SOFTWARES\htdocs\HMS\app\Controllers\Warden_Chats.php(153): CodeIgniter\BaseModel->findAll()
#2 F:\SOFTWARES\htdocs\HMS\system\CodeIgniter.php(832): App\Controllers\Warden_Chats->getSecurity()
#3 F:\SOFTWARES\htdocs\HMS\system\CodeIgniter.php(419): CodeIgniter\CodeIgniter->runController(Object(App\Controllers\Warden_Chats))
#4 F:\SOFTWARES\htdocs\HMS\system\CodeIgniter.php(326): CodeIgniter\CodeIgniter->handleRequest(NULL, Object(Config\Cache), false)
#5 F:\SOFTWARES\htdocs\HMS\index.php(37): CodeIgniter\CodeIgniter->run()
#6 {main}
ERROR - 2022-07-05 10:00:25 --> Table 'security' is marked as crashed and should be repaired
CRITICAL - 2022-07-05 10:00:25 --> Call to a member function getResult() on bool
#0 F:\SOFTWARES\htdocs\HMS\system\BaseModel.php(584): CodeIgniter\Model->doFindAll(0, 0)
#1 F:\SOFTWARES\htdocs\HMS\app\Controllers\Warden_Chats.php(153): CodeIgniter\BaseModel->findAll()
#2 F:\SOFTWARES\htdocs\HMS\system\CodeIgniter.php(832): App\Controllers\Warden_Chats->getSecurity()
#3 F:\SOFTWARES\htdocs\HMS\system\CodeIgniter.php(419): CodeIgniter\CodeIgniter->runController(Object(App\Controllers\Warden_Chats))
#4 F:\SOFTWARES\htdocs\HMS\system\CodeIgniter.php(326): CodeIgniter\CodeIgniter->handleRequest(NULL, Object(Config\Cache), false)
#5 F:\SOFTWARES\htdocs\HMS\index.php(37): CodeIgniter\CodeIgniter->run()
#6 {main}
ERROR - 2022-07-05 10:00:56 --> Table 'security' is marked as crashed and should be repaired
CRITICAL - 2022-07-05 10:00:56 --> Call to a member function getResult() on bool
#0 F:\SOFTWARES\htdocs\HMS\system\BaseModel.php(584): CodeIgniter\Model->doFindAll(0, 0)
#1 F:\SOFTWARES\htdocs\HMS\app\Controllers\Warden_Chats.php(153): CodeIgniter\BaseModel->findAll()
#2 F:\SOFTWARES\htdocs\HMS\system\CodeIgniter.php(832): App\Controllers\Warden_Chats->getSecurity()
#3 F:\SOFTWARES\htdocs\HMS\system\CodeIgniter.php(419): CodeIgniter\CodeIgniter->runController(Object(App\Controllers\Warden_Chats))
#4 F:\SOFTWARES\htdocs\HMS\system\CodeIgniter.php(326): CodeIgniter\CodeIgniter->handleRequest(NULL, Object(Config\Cache), false)
#5 F:\SOFTWARES\htdocs\HMS\index.php(37): CodeIgniter\CodeIgniter->run()
#6 {main}
ERROR - 2022-07-05 10:01:26 --> Table 'security' is marked as crashed and should be repaired
CRITICAL - 2022-07-05 10:01:26 --> Call to a member function getResult() on bool
#0 F:\SOFTWARES\htdocs\HMS\system\BaseModel.php(584): CodeIgniter\Model->doFindAll(0, 0)
#1 F:\SOFTWARES\htdocs\HMS\app\Controllers\Warden_Chats.php(153): CodeIgniter\BaseModel->findAll()
#2 F:\SOFTWARES\htdocs\HMS\system\CodeIgniter.php(832): App\Controllers\Warden_Chats->getSecurity()
#3 F:\SOFTWARES\htdocs\HMS\system\CodeIgniter.php(419): CodeIgniter\CodeIgniter->runController(Object(App\Controllers\Warden_Chats))
#4 F:\SOFTWARES\htdocs\HMS\system\CodeIgniter.php(326): CodeIgniter\CodeIgniter->handleRequest(NULL, Object(Config\Cache), false)
#5 F:\SOFTWARES\htdocs\HMS\index.php(37): CodeIgniter\CodeIgniter->run()
#6 {main}
ERROR - 2022-07-05 10:01:59 --> Table 'security' is marked as crashed and should be repaired
CRITICAL - 2022-07-05 10:01:59 --> Call to a member function getResult() on bool
#0 F:\SOFTWARES\htdocs\HMS\system\BaseModel.php(584): CodeIgniter\Model->doFindAll(0, 0)
#1 F:\SOFTWARES\htdocs\HMS\app\Controllers\Warden_Chats.php(153): CodeIgniter\BaseModel->findAll()
#2 F:\SOFTWARES\htdocs\HMS\system\CodeIgniter.php(832): App\Controllers\Warden_Chats->getSecurity()
#3 F:\SOFTWARES\htdocs\HMS\system\CodeIgniter.php(419): CodeIgniter\CodeIgniter->runController(Object(App\Controllers\Warden_Chats))
#4 F:\SOFTWARES\htdocs\HMS\system\CodeIgniter.php(326): CodeIgniter\CodeIgniter->handleRequest(NULL, Object(Config\Cache), false)
#5 F:\SOFTWARES\htdocs\HMS\index.php(37): CodeIgniter\CodeIgniter->run()
#6 {main}
ERROR - 2022-07-05 10:03:43 --> Table 'security' is marked as crashed and should be repaired
CRITICAL - 2022-07-05 10:03:43 --> Call to a member function getResult() on bool
#0 F:\SOFTWARES\htdocs\HMS\system\BaseModel.php(584): CodeIgniter\Model->doFindAll(0, 0)
#1 F:\SOFTWARES\htdocs\HMS\app\Controllers\Warden_Chats.php(153): CodeIgniter\BaseModel->findAll()
#2 F:\SOFTWARES\htdocs\HMS\system\CodeIgniter.php(832): App\Controllers\Warden_Chats->getSecurity()
#3 F:\SOFTWARES\htdocs\HMS\system\CodeIgniter.php(419): CodeIgniter\CodeIgniter->runController(Object(App\Controllers\Warden_Chats))
#4 F:\SOFTWARES\htdocs\HMS\system\CodeIgniter.php(326): CodeIgniter\CodeIgniter->handleRequest(NULL, Object(Config\Cache), false)
#5 F:\SOFTWARES\htdocs\HMS\index.php(37): CodeIgniter\CodeIgniter->run()
#6 {main}
ERROR - 2022-07-05 10:03:49 --> Table 'security' is marked as crashed and should be repaired
CRITICAL - 2022-07-05 10:03:49 --> Call to a member function getResult() on bool
#0 F:\SOFTWARES\htdocs\HMS\system\BaseModel.php(584): CodeIgniter\Model->doFindAll(0, 0)
#1 F:\SOFTWARES\htdocs\HMS\app\Controllers\Warden_Chats.php(153): CodeIgniter\BaseModel->findAll()
#2 F:\SOFTWARES\htdocs\HMS\system\CodeIgniter.php(832): App\Controllers\Warden_Chats->getSecurity()
#3 F:\SOFTWARES\htdocs\HMS\system\CodeIgniter.php(419): CodeIgniter\CodeIgniter->runController(Object(App\Controllers\Warden_Chats))
#4 F:\SOFTWARES\htdocs\HMS\system\CodeIgniter.php(326): CodeIgniter\CodeIgniter->handleRequest(NULL, Object(Config\Cache), false)
#5 F:\SOFTWARES\htdocs\HMS\index.php(37): CodeIgniter\CodeIgniter->run()
#6 {main}
ERROR - 2022-07-05 10:05:32 --> Table 'security' is marked as crashed and should be repaired
CRITICAL - 2022-07-05 10:05:32 --> Call to a member function getResult() on bool
#0 F:\SOFTWARES\htdocs\HMS\system\BaseModel.php(584): CodeIgniter\Model->doFindAll(0, 0)
#1 F:\SOFTWARES\htdocs\HMS\app\Controllers\Warden_Chats.php(153): CodeIgniter\BaseModel->findAll()
#2 F:\SOFTWARES\htdocs\HMS\system\CodeIgniter.php(832): App\Controllers\Warden_Chats->getSecurity()
#3 F:\SOFTWARES\htdocs\HMS\system\CodeIgniter.php(419): CodeIgniter\CodeIgniter->runController(Object(App\Controllers\Warden_Chats))
#4 F:\SOFTWARES\htdocs\HMS\system\CodeIgniter.php(326): CodeIgniter\CodeIgniter->handleRequest(NULL, Object(Config\Cache), false)
#5 F:\SOFTWARES\htdocs\HMS\index.php(37): CodeIgniter\CodeIgniter->run()
#6 {main}
ERROR - 2022-07-05 10:05:38 --> Table 'security' is marked as crashed and should be repaired
CRITICAL - 2022-07-05 10:05:39 --> Call to a member function getResult() on bool
#0 F:\SOFTWARES\htdocs\HMS\system\BaseModel.php(584): CodeIgniter\Model->doFindAll(0, 0)
#1 F:\SOFTWARES\htdocs\HMS\app\Controllers\Warden_Chats.php(153): CodeIgniter\BaseModel->findAll()
#2 F:\SOFTWARES\htdocs\HMS\system\CodeIgniter.php(832): App\Controllers\Warden_Chats->getSecurity()
#3 F:\SOFTWARES\htdocs\HMS\system\CodeIgniter.php(419): CodeIgniter\CodeIgniter->runController(Object(App\Controllers\Warden_Chats))
#4 F:\SOFTWARES\htdocs\HMS\system\CodeIgniter.php(326): CodeIgniter\CodeIgniter->handleRequest(NULL, Object(Config\Cache), false)
#5 F:\SOFTWARES\htdocs\HMS\index.php(37): CodeIgniter\CodeIgniter->run()
#6 {main}
ERROR - 2022-07-05 10:05:51 --> Table 'security' is marked as crashed and should be repaired
CRITICAL - 2022-07-05 10:05:51 --> Call to a member function getResult() on bool
#0 F:\SOFTWARES\htdocs\HMS\system\BaseModel.php(584): CodeIgniter\Model->doFindAll(0, 0)
#1 F:\SOFTWARES\htdocs\HMS\app\Controllers\Warden_Chats.php(153): CodeIgniter\BaseModel->findAll()
#2 F:\SOFTWARES\htdocs\HMS\system\CodeIgniter.php(832): App\Controllers\Warden_Chats->getSecurity()
#3 F:\SOFTWARES\htdocs\HMS\system\CodeIgniter.php(419): CodeIgniter\CodeIgniter->runController(Object(App\Controllers\Warden_Chats))
#4 F:\SOFTWARES\htdocs\HMS\system\CodeIgniter.php(326): CodeIgniter\CodeIgniter->handleRequest(NULL, Object(Config\Cache), false)
#5 F:\SOFTWARES\htdocs\HMS\index.php(37): CodeIgniter\CodeIgniter->run()
#6 {main}
ERROR - 2022-07-05 10:06:37 --> Table 'security' is marked as crashed and should be repaired
CRITICAL - 2022-07-05 10:06:37 --> Call to a member function getResult() on bool
#0 F:\SOFTWARES\htdocs\HMS\system\BaseModel.php(584): CodeIgniter\Model->doFindAll(0, 0)
#1 F:\SOFTWARES\htdocs\HMS\app\Controllers\Warden_Chats.php(153): CodeIgniter\BaseModel->findAll()
#2 F:\SOFTWARES\htdocs\HMS\system\CodeIgniter.php(832): App\Controllers\Warden_Chats->getSecurity()
#3 F:\SOFTWARES\htdocs\HMS\system\CodeIgniter.php(419): CodeIgniter\CodeIgniter->runController(Object(App\Controllers\Warden_Chats))
#4 F:\SOFTWARES\htdocs\HMS\system\CodeIgniter.php(326): CodeIgniter\CodeIgniter->handleRequest(NULL, Object(Config\Cache), false)
#5 F:\SOFTWARES\htdocs\HMS\index.php(37): CodeIgniter\CodeIgniter->run()
#6 {main}
ERROR - 2022-07-05 10:07:20 --> Table 'security' is marked as crashed and should be repaired
CRITICAL - 2022-07-05 10:07:20 --> Call to a member function getResult() on bool
#0 F:\SOFTWARES\htdocs\HMS\system\BaseModel.php(584): CodeIgniter\Model->doFindAll(0, 0)
#1 F:\SOFTWARES\htdocs\HMS\app\Controllers\Warden_Chats.php(153): CodeIgniter\BaseModel->findAll()
#2 F:\SOFTWARES\htdocs\HMS\system\CodeIgniter.php(832): App\Controllers\Warden_Chats->getSecurity()
#3 F:\SOFTWARES\htdocs\HMS\system\CodeIgniter.php(419): CodeIgniter\CodeIgniter->runController(Object(App\Controllers\Warden_Chats))
#4 F:\SOFTWARES\htdocs\HMS\system\CodeIgniter.php(326): CodeIgniter\CodeIgniter->handleRequest(NULL, Object(Config\Cache), false)
#5 F:\SOFTWARES\htdocs\HMS\index.php(37): CodeIgniter\CodeIgniter->run()
#6 {main}
ERROR - 2022-07-05 10:08:22 --> Table 'security' is marked as crashed and should be repaired
CRITICAL - 2022-07-05 10:08:22 --> Call to a member function getResult() on bool
#0 F:\SOFTWARES\htdocs\HMS\system\BaseModel.php(584): CodeIgniter\Model->doFindAll(0, 0)
#1 F:\SOFTWARES\htdocs\HMS\app\Controllers\Warden_Chats.php(153): CodeIgniter\BaseModel->findAll()
#2 F:\SOFTWARES\htdocs\HMS\system\CodeIgniter.php(832): App\Controllers\Warden_Chats->getSecurity()
#3 F:\SOFTWARES\htdocs\HMS\system\CodeIgniter.php(419): CodeIgniter\CodeIgniter->runController(Object(App\Controllers\Warden_Chats))
#4 F:\SOFTWARES\htdocs\HMS\system\CodeIgniter.php(326): CodeIgniter\CodeIgniter->handleRequest(NULL, Object(Config\Cache), false)
#5 F:\SOFTWARES\htdocs\HMS\index.php(37): CodeIgniter\CodeIgniter->run()
#6 {main}
ERROR - 2022-07-05 10:08:38 --> Table 'security' is marked as crashed and should be repaired
CRITICAL - 2022-07-05 10:08:39 --> Call to a member function getResult() on bool
#0 F:\SOFTWARES\htdocs\HMS\system\BaseModel.php(584): CodeIgniter\Model->doFindAll(0, 0)
#1 F:\SOFTWARES\htdocs\HMS\app\Controllers\Warden_Chats.php(153): CodeIgniter\BaseModel->findAll()
#2 F:\SOFTWARES\htdocs\HMS\system\CodeIgniter.php(832): App\Controllers\Warden_Chats->getSecurity()
#3 F:\SOFTWARES\htdocs\HMS\system\CodeIgniter.php(419): CodeIgniter\CodeIgniter->runController(Object(App\Controllers\Warden_Chats))
#4 F:\SOFTWARES\htdocs\HMS\system\CodeIgniter.php(326): CodeIgniter\CodeIgniter->handleRequest(NULL, Object(Config\Cache), false)
#5 F:\SOFTWARES\htdocs\HMS\index.php(37): CodeIgniter\CodeIgniter->run()
#6 {main}
ERROR - 2022-07-05 10:09:16 --> Table 'security' is marked as crashed and should be repaired
CRITICAL - 2022-07-05 10:09:16 --> Call to a member function getResult() on bool
#0 F:\SOFTWARES\htdocs\HMS\system\BaseModel.php(584): CodeIgniter\Model->doFindAll(0, 0)
#1 F:\SOFTWARES\htdocs\HMS\app\Controllers\Warden_Chats.php(153): CodeIgniter\BaseModel->findAll()
#2 F:\SOFTWARES\htdocs\HMS\system\CodeIgniter.php(832): App\Controllers\Warden_Chats->getSecurity()
#3 F:\SOFTWARES\htdocs\HMS\system\CodeIgniter.php(419): CodeIgniter\CodeIgniter->runController(Object(App\Controllers\Warden_Chats))
#4 F:\SOFTWARES\htdocs\HMS\system\CodeIgniter.php(326): CodeIgniter\CodeIgniter->handleRequest(NULL, Object(Config\Cache), false)
#5 F:\SOFTWARES\htdocs\HMS\index.php(37): CodeIgniter\CodeIgniter->run()
#6 {main}
ERROR - 2022-07-05 10:12:07 --> Table 'security' is marked as crashed and should be repaired
CRITICAL - 2022-07-05 10:12:07 --> Call to a member function getResult() on bool
#0 F:\SOFTWARES\htdocs\HMS\system\BaseModel.php(584): CodeIgniter\Model->doFindAll(0, 0)
#1 F:\SOFTWARES\htdocs\HMS\app\Controllers\Warden_Chats.php(153): CodeIgniter\BaseModel->findAll()
#2 F:\SOFTWARES\htdocs\HMS\system\CodeIgniter.php(832): App\Controllers\Warden_Chats->getSecurity()
#3 F:\SOFTWARES\htdocs\HMS\system\CodeIgniter.php(419): CodeIgniter\CodeIgniter->runController(Object(App\Controllers\Warden_Chats))
#4 F:\SOFTWARES\htdocs\HMS\system\CodeIgniter.php(326): CodeIgniter\CodeIgniter->handleRequest(NULL, Object(Config\Cache), false)
#5 F:\SOFTWARES\htdocs\HMS\index.php(37): CodeIgniter\CodeIgniter->run()
#6 {main}
ERROR - 2022-07-05 10:12:45 --> Table 'security' is marked as crashed and should be repaired
CRITICAL - 2022-07-05 10:12:45 --> Call to a member function getResult() on bool
#0 F:\SOFTWARES\htdocs\HMS\system\BaseModel.php(584): CodeIgniter\Model->doFindAll(0, 0)
#1 F:\SOFTWARES\htdocs\HMS\app\Controllers\Warden_Chats.php(153): CodeIgniter\BaseModel->findAll()
#2 F:\SOFTWARES\htdocs\HMS\system\CodeIgniter.php(832): App\Controllers\Warden_Chats->getSecurity()
#3 F:\SOFTWARES\htdocs\HMS\system\CodeIgniter.php(419): CodeIgniter\CodeIgniter->runController(Object(App\Controllers\Warden_Chats))
#4 F:\SOFTWARES\htdocs\HMS\system\CodeIgniter.php(326): CodeIgniter\CodeIgniter->handleRequest(NULL, Object(Config\Cache), false)
#5 F:\SOFTWARES\htdocs\HMS\index.php(37): CodeIgniter\CodeIgniter->run()
#6 {main}
ERROR - 2022-07-05 10:13:51 --> Table 'security' is marked as crashed and should be repaired
CRITICAL - 2022-07-05 10:13:51 --> Call to a member function getResult() on bool
#0 F:\SOFTWARES\htdocs\HMS\system\BaseModel.php(584): CodeIgniter\Model->doFindAll(0, 0)
#1 F:\SOFTWARES\htdocs\HMS\app\Controllers\Warden_Chats.php(153): CodeIgniter\BaseModel->findAll()
#2 F:\SOFTWARES\htdocs\HMS\system\CodeIgniter.php(832): App\Controllers\Warden_Chats->getSecurity()
#3 F:\SOFTWARES\htdocs\HMS\system\CodeIgniter.php(419): CodeIgniter\CodeIgniter->runController(Object(App\Controllers\Warden_Chats))
#4 F:\SOFTWARES\htdocs\HMS\system\CodeIgniter.php(326): CodeIgniter\CodeIgniter->handleRequest(NULL, Object(Config\Cache), false)
#5 F:\SOFTWARES\htdocs\HMS\index.php(37): CodeIgniter\CodeIgniter->run()
#6 {main}
ERROR - 2022-07-05 10:14:31 --> Table 'security' is marked as crashed and should be repaired
CRITICAL - 2022-07-05 10:14:31 --> Call to a member function getResult() on bool
#0 F:\SOFTWARES\htdocs\HMS\system\BaseModel.php(584): CodeIgniter\Model->doFindAll(0, 0)
#1 F:\SOFTWARES\htdocs\HMS\app\Controllers\Warden_Chats.php(153): CodeIgniter\BaseModel->findAll()
#2 F:\SOFTWARES\htdocs\HMS\system\CodeIgniter.php(832): App\Controllers\Warden_Chats->getSecurity()
#3 F:\SOFTWARES\htdocs\HMS\system\CodeIgniter.php(419): CodeIgniter\CodeIgniter->runController(Object(App\Controllers\Warden_Chats))
#4 F:\SOFTWARES\htdocs\HMS\system\CodeIgniter.php(326): CodeIgniter\CodeIgniter->handleRequest(NULL, Object(Config\Cache), false)
#5 F:\SOFTWARES\htdocs\HMS\index.php(37): CodeIgniter\CodeIgniter->run()
#6 {main}
ERROR - 2022-07-05 10:14:52 --> Table 'security' is marked as crashed and should be repaired
CRITICAL - 2022-07-05 10:14:52 --> Call to a member function getResult() on bool
#0 F:\SOFTWARES\htdocs\HMS\system\BaseModel.php(584): CodeIgniter\Model->doFindAll(0, 0)
#1 F:\SOFTWARES\htdocs\HMS\app\Controllers\Warden_Chats.php(153): CodeIgniter\BaseModel->findAll()
#2 F:\SOFTWARES\htdocs\HMS\system\CodeIgniter.php(832): App\Controllers\Warden_Chats->getSecurity()
#3 F:\SOFTWARES\htdocs\HMS\system\CodeIgniter.php(419): CodeIgniter\CodeIgniter->runController(Object(App\Controllers\Warden_Chats))
#4 F:\SOFTWARES\htdocs\HMS\system\CodeIgniter.php(326): CodeIgniter\CodeIgniter->handleRequest(NULL, Object(Config\Cache), false)
#5 F:\SOFTWARES\htdocs\HMS\index.php(37): CodeIgniter\CodeIgniter->run()
#6 {main}
ERROR - 2022-07-05 10:15:13 --> Table 'security' is marked as crashed and should be repaired
CRITICAL - 2022-07-05 10:15:13 --> Call to a member function getResult() on bool
#0 F:\SOFTWARES\htdocs\HMS\system\BaseModel.php(584): CodeIgniter\Model->doFindAll(0, 0)
#1 F:\SOFTWARES\htdocs\HMS\app\Controllers\Warden_Chats.php(153): CodeIgniter\BaseModel->findAll()
#2 F:\SOFTWARES\htdocs\HMS\system\CodeIgniter.php(832): App\Controllers\Warden_Chats->getSecurity()
#3 F:\SOFTWARES\htdocs\HMS\system\CodeIgniter.php(419): CodeIgniter\CodeIgniter->runController(Object(App\Controllers\Warden_Chats))
#4 F:\SOFTWARES\htdocs\HMS\system\CodeIgniter.php(326): CodeIgniter\CodeIgniter->handleRequest(NULL, Object(Config\Cache), false)
#5 F:\SOFTWARES\htdocs\HMS\index.php(37): CodeIgniter\CodeIgniter->run()
#6 {main}
ERROR - 2022-07-05 10:15:21 --> Table 'security' is marked as crashed and should be repaired
CRITICAL - 2022-07-05 10:15:21 --> Call to a member function getResult() on bool
#0 F:\SOFTWARES\htdocs\HMS\system\BaseModel.php(584): CodeIgniter\Model->doFindAll(0, 0)
#1 F:\SOFTWARES\htdocs\HMS\app\Controllers\Warden_Chats.php(153): CodeIgniter\BaseModel->findAll()
#2 F:\SOFTWARES\htdocs\HMS\system\CodeIgniter.php(832): App\Controllers\Warden_Chats->getSecurity()
#3 F:\SOFTWARES\htdocs\HMS\system\CodeIgniter.php(419): CodeIgniter\CodeIgniter->runController(Object(App\Controllers\Warden_Chats))
#4 F:\SOFTWARES\htdocs\HMS\system\CodeIgniter.php(326): CodeIgniter\CodeIgniter->handleRequest(NULL, Object(Config\Cache), false)
#5 F:\SOFTWARES\htdocs\HMS\index.php(37): CodeIgniter\CodeIgniter->run()
#6 {main}
ERROR - 2022-07-05 10:16:36 --> Table 'security' is marked as crashed and should be repaired
CRITICAL - 2022-07-05 10:16:36 --> Call to a member function getResult() on bool
#0 F:\SOFTWARES\htdocs\HMS\system\BaseModel.php(584): CodeIgniter\Model->doFindAll(0, 0)
#1 F:\SOFTWARES\htdocs\HMS\app\Controllers\Warden_Chats.php(153): CodeIgniter\BaseModel->findAll()
#2 F:\SOFTWARES\htdocs\HMS\system\CodeIgniter.php(832): App\Controllers\Warden_Chats->getSecurity()
#3 F:\SOFTWARES\htdocs\HMS\system\CodeIgniter.php(419): CodeIgniter\CodeIgniter->runController(Object(App\Controllers\Warden_Chats))
#4 F:\SOFTWARES\htdocs\HMS\system\CodeIgniter.php(326): CodeIgniter\CodeIgniter->handleRequest(NULL, Object(Config\Cache), false)
#5 F:\SOFTWARES\htdocs\HMS\index.php(37): CodeIgniter\CodeIgniter->run()
#6 {main}
ERROR - 2022-07-05 10:16:50 --> Table 'security' is marked as crashed and should be repaired
CRITICAL - 2022-07-05 10:16:50 --> Call to a member function getResult() on bool
#0 F:\SOFTWARES\htdocs\HMS\system\BaseModel.php(584): CodeIgniter\Model->doFindAll(0, 0)
#1 F:\SOFTWARES\htdocs\HMS\app\Controllers\Warden_Chats.php(153): CodeIgniter\BaseModel->findAll()
#2 F:\SOFTWARES\htdocs\HMS\system\CodeIgniter.php(832): App\Controllers\Warden_Chats->getSecurity()
#3 F:\SOFTWARES\htdocs\HMS\system\CodeIgniter.php(419): CodeIgniter\CodeIgniter->runController(Object(App\Controllers\Warden_Chats))
#4 F:\SOFTWARES\htdocs\HMS\system\CodeIgniter.php(326): CodeIgniter\CodeIgniter->handleRequest(NULL, Object(Config\Cache), false)
#5 F:\SOFTWARES\htdocs\HMS\index.php(37): CodeIgniter\CodeIgniter->run()
#6 {main}
ERROR - 2022-07-05 10:17:32 --> Table 'security' is marked as crashed and should be repaired
CRITICAL - 2022-07-05 10:17:32 --> Call to a member function getResult() on bool
#0 F:\SOFTWARES\htdocs\HMS\system\BaseModel.php(584): CodeIgniter\Model->doFindAll(0, 0)
#1 F:\SOFTWARES\htdocs\HMS\app\Controllers\Warden_Chats.php(153): CodeIgniter\BaseModel->findAll()
#2 F:\SOFTWARES\htdocs\HMS\system\CodeIgniter.php(832): App\Controllers\Warden_Chats->getSecurity()
#3 F:\SOFTWARES\htdocs\HMS\system\CodeIgniter.php(419): CodeIgniter\CodeIgniter->runController(Object(App\Controllers\Warden_Chats))
#4 F:\SOFTWARES\htdocs\HMS\system\CodeIgniter.php(326): CodeIgniter\CodeIgniter->handleRequest(NULL, Object(Config\Cache), false)
#5 F:\SOFTWARES\htdocs\HMS\index.php(37): CodeIgniter\CodeIgniter->run()
#6 {main}
ERROR - 2022-07-05 10:19:06 --> Table 'security' is marked as crashed and should be repaired
CRITICAL - 2022-07-05 10:19:06 --> Call to a member function getResult() on bool
#0 F:\SOFTWARES\htdocs\HMS\system\BaseModel.php(584): CodeIgniter\Model->doFindAll(0, 0)
#1 F:\SOFTWARES\htdocs\HMS\app\Controllers\Warden_Chats.php(153): CodeIgniter\BaseModel->findAll()
#2 F:\SOFTWARES\htdocs\HMS\system\CodeIgniter.php(832): App\Controllers\Warden_Chats->getSecurity()
#3 F:\SOFTWARES\htdocs\HMS\system\CodeIgniter.php(419): CodeIgniter\CodeIgniter->runController(Object(App\Controllers\Warden_Chats))
#4 F:\SOFTWARES\htdocs\HMS\system\CodeIgniter.php(326): CodeIgniter\CodeIgniter->handleRequest(NULL, Object(Config\Cache), false)
#5 F:\SOFTWARES\htdocs\HMS\index.php(37): CodeIgniter\CodeIgniter->run()
#6 {main}
ERROR - 2022-07-05 10:19:19 --> Table 'security' is marked as crashed and should be repaired
CRITICAL - 2022-07-05 10:19:19 --> Call to a member function getResult() on bool
#0 F:\SOFTWARES\htdocs\HMS\system\BaseModel.php(584): CodeIgniter\Model->doFindAll(0, 0)
#1 F:\SOFTWARES\htdocs\HMS\app\Controllers\Warden_Chats.php(153): CodeIgniter\BaseModel->findAll()
#2 F:\SOFTWARES\htdocs\HMS\system\CodeIgniter.php(832): App\Controllers\Warden_Chats->getSecurity()
#3 F:\SOFTWARES\htdocs\HMS\system\CodeIgniter.php(419): CodeIgniter\CodeIgniter->runController(Object(App\Controllers\Warden_Chats))
#4 F:\SOFTWARES\htdocs\HMS\system\CodeIgniter.php(326): CodeIgniter\CodeIgniter->handleRequest(NULL, Object(Config\Cache), false)
#5 F:\SOFTWARES\htdocs\HMS\index.php(37): CodeIgniter\CodeIgniter->run()
#6 {main}
ERROR - 2022-07-05 10:20:51 --> Table 'security' is marked as crashed and should be repaired
CRITICAL - 2022-07-05 10:20:51 --> Call to a member function getResult() on bool
#0 F:\SOFTWARES\htdocs\HMS\system\BaseModel.php(584): CodeIgniter\Model->doFindAll(0, 0)
#1 F:\SOFTWARES\htdocs\HMS\app\Controllers\Warden_Chats.php(153): CodeIgniter\BaseModel->findAll()
#2 F:\SOFTWARES\htdocs\HMS\system\CodeIgniter.php(832): App\Controllers\Warden_Chats->getSecurity()
#3 F:\SOFTWARES\htdocs\HMS\system\CodeIgniter.php(419): CodeIgniter\CodeIgniter->runController(Object(App\Controllers\Warden_Chats))
#4 F:\SOFTWARES\htdocs\HMS\system\CodeIgniter.php(326): CodeIgniter\CodeIgniter->handleRequest(NULL, Object(Config\Cache), false)
#5 F:\SOFTWARES\htdocs\HMS\index.php(37): CodeIgniter\CodeIgniter->run()
#6 {main}
ERROR - 2022-07-05 10:21:02 --> Table 'security' is marked as crashed and should be repaired
CRITICAL - 2022-07-05 10:21:02 --> Call to a member function getResult() on bool
#0 F:\SOFTWARES\htdocs\HMS\system\BaseModel.php(584): CodeIgniter\Model->doFindAll(0, 0)
#1 F:\SOFTWARES\htdocs\HMS\app\Controllers\Warden_Chats.php(153): CodeIgniter\BaseModel->findAll()
#2 F:\SOFTWARES\htdocs\HMS\system\CodeIgniter.php(832): App\Controllers\Warden_Chats->getSecurity()
#3 F:\SOFTWARES\htdocs\HMS\system\CodeIgniter.php(419): CodeIgniter\CodeIgniter->runController(Object(App\Controllers\Warden_Chats))
#4 F:\SOFTWARES\htdocs\HMS\system\CodeIgniter.php(326): CodeIgniter\CodeIgniter->handleRequest(NULL, Object(Config\Cache), false)
#5 F:\SOFTWARES\htdocs\HMS\index.php(37): CodeIgniter\CodeIgniter->run()
#6 {main}
ERROR - 2022-07-05 10:21:07 --> Table 'security' is marked as crashed and should be repaired
CRITICAL - 2022-07-05 10:21:07 --> Call to a member function getResult() on bool
#0 F:\SOFTWARES\htdocs\HMS\system\BaseModel.php(584): CodeIgniter\Model->doFindAll(0, 0)
#1 F:\SOFTWARES\htdocs\HMS\app\Controllers\Warden_Chats.php(153): CodeIgniter\BaseModel->findAll()
#2 F:\SOFTWARES\htdocs\HMS\system\CodeIgniter.php(832): App\Controllers\Warden_Chats->getSecurity()
#3 F:\SOFTWARES\htdocs\HMS\system\CodeIgniter.php(419): CodeIgniter\CodeIgniter->runController(Object(App\Controllers\Warden_Chats))
#4 F:\SOFTWARES\htdocs\HMS\system\CodeIgniter.php(326): CodeIgniter\CodeIgniter->handleRequest(NULL, Object(Config\Cache), false)
#5 F:\SOFTWARES\htdocs\HMS\index.php(37): CodeIgniter\CodeIgniter->run()
#6 {main}
ERROR - 2022-07-05 10:21:11 --> Table 'security' is marked as crashed and should be repaired
CRITICAL - 2022-07-05 10:21:11 --> Call to a member function getResult() on bool
#0 F:\SOFTWARES\htdocs\HMS\system\BaseModel.php(584): CodeIgniter\Model->doFindAll(0, 0)
#1 F:\SOFTWARES\htdocs\HMS\app\Controllers\Warden_Chats.php(153): CodeIgniter\BaseModel->findAll()
#2 F:\SOFTWARES\htdocs\HMS\system\CodeIgniter.php(832): App\Controllers\Warden_Chats->getSecurity()
#3 F:\SOFTWARES\htdocs\HMS\system\CodeIgniter.php(419): CodeIgniter\CodeIgniter->runController(Object(App\Controllers\Warden_Chats))
#4 F:\SOFTWARES\htdocs\HMS\system\CodeIgniter.php(326): CodeIgniter\CodeIgniter->handleRequest(NULL, Object(Config\Cache), false)
#5 F:\SOFTWARES\htdocs\HMS\index.php(37): CodeIgniter\CodeIgniter->run()
#6 {main}
ERROR - 2022-07-05 10:21:51 --> Table 'security' is marked as crashed and should be repaired
CRITICAL - 2022-07-05 10:21:51 --> Call to a member function getResult() on bool
#0 F:\SOFTWARES\htdocs\HMS\system\BaseModel.php(584): CodeIgniter\Model->doFindAll(0, 0)
#1 F:\SOFTWARES\htdocs\HMS\app\Controllers\Warden_Chats.php(153): CodeIgniter\BaseModel->findAll()
#2 F:\SOFTWARES\htdocs\HMS\system\CodeIgniter.php(832): App\Controllers\Warden_Chats->getSecurity()
#3 F:\SOFTWARES\htdocs\HMS\system\CodeIgniter.php(419): CodeIgniter\CodeIgniter->runController(Object(App\Controllers\Warden_Chats))
#4 F:\SOFTWARES\htdocs\HMS\system\CodeIgniter.php(326): CodeIgniter\CodeIgniter->handleRequest(NULL, Object(Config\Cache), false)
#5 F:\SOFTWARES\htdocs\HMS\index.php(37): CodeIgniter\CodeIgniter->run()
#6 {main}
ERROR - 2022-07-05 10:21:55 --> Table 'security' is marked as crashed and should be repaired
CRITICAL - 2022-07-05 10:21:55 --> Call to a member function getResult() on bool
#0 F:\SOFTWARES\htdocs\HMS\system\BaseModel.php(584): CodeIgniter\Model->doFindAll(0, 0)
#1 F:\SOFTWARES\htdocs\HMS\app\Controllers\Warden_Chats.php(153): CodeIgniter\BaseModel->findAll()
#2 F:\SOFTWARES\htdocs\HMS\system\CodeIgniter.php(832): App\Controllers\Warden_Chats->getSecurity()
#3 F:\SOFTWARES\htdocs\HMS\system\CodeIgniter.php(419): CodeIgniter\CodeIgniter->runController(Object(App\Controllers\Warden_Chats))
#4 F:\SOFTWARES\htdocs\HMS\system\CodeIgniter.php(326): CodeIgniter\CodeIgniter->handleRequest(NULL, Object(Config\Cache), false)
#5 F:\SOFTWARES\htdocs\HMS\index.php(37): CodeIgniter\CodeIgniter->run()
#6 {main}
ERROR - 2022-07-05 10:23:20 --> Table 'security' is marked as crashed and should be repaired
CRITICAL - 2022-07-05 10:23:20 --> Call to a member function getResult() on bool
#0 F:\SOFTWARES\htdocs\HMS\system\BaseModel.php(584): CodeIgniter\Model->doFindAll(0, 0)
#1 F:\SOFTWARES\htdocs\HMS\app\Controllers\Warden_Chats.php(153): CodeIgniter\BaseModel->findAll()
#2 F:\SOFTWARES\htdocs\HMS\system\CodeIgniter.php(832): App\Controllers\Warden_Chats->getSecurity()
#3 F:\SOFTWARES\htdocs\HMS\system\CodeIgniter.php(419): CodeIgniter\CodeIgniter->runController(Object(App\Controllers\Warden_Chats))
#4 F:\SOFTWARES\htdocs\HMS\system\CodeIgniter.php(326): CodeIgniter\CodeIgniter->handleRequest(NULL, Object(Config\Cache), false)
#5 F:\SOFTWARES\htdocs\HMS\index.php(37): CodeIgniter\CodeIgniter->run()
#6 {main}
ERROR - 2022-07-05 10:26:19 --> Table 'security' is marked as crashed and should be repaired
CRITICAL - 2022-07-05 10:26:19 --> Call to a member function getResult() on bool
#0 F:\SOFTWARES\htdocs\HMS\system\BaseModel.php(584): CodeIgniter\Model->doFindAll(0, 0)
#1 F:\SOFTWARES\htdocs\HMS\app\Controllers\Warden_Chats.php(153): CodeIgniter\BaseModel->findAll()
#2 F:\SOFTWARES\htdocs\HMS\system\CodeIgniter.php(832): App\Controllers\Warden_Chats->getSecurity()
#3 F:\SOFTWARES\htdocs\HMS\system\CodeIgniter.php(419): CodeIgniter\CodeIgniter->runController(Object(App\Controllers\Warden_Chats))
#4 F:\SOFTWARES\htdocs\HMS\system\CodeIgniter.php(326): CodeIgniter\CodeIgniter->handleRequest(NULL, Object(Config\Cache), false)
#5 F:\SOFTWARES\htdocs\HMS\index.php(37): CodeIgniter\CodeIgniter->run()
#6 {main}
ERROR - 2022-07-05 10:27:25 --> Table 'security' is marked as crashed and should be repaired
CRITICAL - 2022-07-05 10:27:25 --> Call to a member function getResult() on bool
#0 F:\SOFTWARES\htdocs\HMS\system\BaseModel.php(584): CodeIgniter\Model->doFindAll(0, 0)
#1 F:\SOFTWARES\htdocs\HMS\app\Controllers\Warden_Chats.php(153): CodeIgniter\BaseModel->findAll()
#2 F:\SOFTWARES\htdocs\HMS\system\CodeIgniter.php(832): App\Controllers\Warden_Chats->getSecurity()
#3 F:\SOFTWARES\htdocs\HMS\system\CodeIgniter.php(419): CodeIgniter\CodeIgniter->runController(Object(App\Controllers\Warden_Chats))
#4 F:\SOFTWARES\htdocs\HMS\system\CodeIgniter.php(326): CodeIgniter\CodeIgniter->handleRequest(NULL, Object(Config\Cache), false)
#5 F:\SOFTWARES\htdocs\HMS\index.php(37): CodeIgniter\CodeIgniter->run()
#6 {main}
ERROR - 2022-07-05 10:27:47 --> Table 'security' is marked as crashed and should be repaired
CRITICAL - 2022-07-05 10:27:47 --> Call to a member function getResult() on bool
#0 F:\SOFTWARES\htdocs\HMS\system\BaseModel.php(584): CodeIgniter\Model->doFindAll(0, 0)
#1 F:\SOFTWARES\htdocs\HMS\app\Controllers\Warden_Chats.php(153): CodeIgniter\BaseModel->findAll()
#2 F:\SOFTWARES\htdocs\HMS\system\CodeIgniter.php(832): App\Controllers\Warden_Chats->getSecurity()
#3 F:\SOFTWARES\htdocs\HMS\system\CodeIgniter.php(419): CodeIgniter\CodeIgniter->runController(Object(App\Controllers\Warden_Chats))
#4 F:\SOFTWARES\htdocs\HMS\system\CodeIgniter.php(326): CodeIgniter\CodeIgniter->handleRequest(NULL, Object(Config\Cache), false)
#5 F:\SOFTWARES\htdocs\HMS\index.php(37): CodeIgniter\CodeIgniter->run()
#6 {main}
ERROR - 2022-07-05 10:28:33 --> Table 'security' is marked as crashed and should be repaired
CRITICAL - 2022-07-05 10:28:33 --> Call to a member function getResult() on bool
#0 F:\SOFTWARES\htdocs\HMS\system\BaseModel.php(584): CodeIgniter\Model->doFindAll(0, 0)
#1 F:\SOFTWARES\htdocs\HMS\app\Controllers\Warden_Chats.php(153): CodeIgniter\BaseModel->findAll()
#2 F:\SOFTWARES\htdocs\HMS\system\CodeIgniter.php(832): App\Controllers\Warden_Chats->getSecurity()
#3 F:\SOFTWARES\htdocs\HMS\system\CodeIgniter.php(419): CodeIgniter\CodeIgniter->runController(Object(App\Controllers\Warden_Chats))
#4 F:\SOFTWARES\htdocs\HMS\system\CodeIgniter.php(326): CodeIgniter\CodeIgniter->handleRequest(NULL, Object(Config\Cache), false)
#5 F:\SOFTWARES\htdocs\HMS\index.php(37): CodeIgniter\CodeIgniter->run()
#6 {main}
ERROR - 2022-07-05 10:28:39 --> Table 'security' is marked as crashed and should be repaired
CRITICAL - 2022-07-05 10:28:39 --> Call to a member function getResult() on bool
#0 F:\SOFTWARES\htdocs\HMS\system\BaseModel.php(584): CodeIgniter\Model->doFindAll(0, 0)
#1 F:\SOFTWARES\htdocs\HMS\app\Controllers\Warden_Chats.php(153): CodeIgniter\BaseModel->findAll()
#2 F:\SOFTWARES\htdocs\HMS\system\CodeIgniter.php(832): App\Controllers\Warden_Chats->getSecurity()
#3 F:\SOFTWARES\htdocs\HMS\system\CodeIgniter.php(419): CodeIgniter\CodeIgniter->runController(Object(App\Controllers\Warden_Chats))
#4 F:\SOFTWARES\htdocs\HMS\system\CodeIgniter.php(326): CodeIgniter\CodeIgniter->handleRequest(NULL, Object(Config\Cache), false)
#5 F:\SOFTWARES\htdocs\HMS\index.php(37): CodeIgniter\CodeIgniter->run()
#6 {main}
ERROR - 2022-07-05 10:29:22 --> Table 'security' is marked as crashed and should be repaired
CRITICAL - 2022-07-05 10:29:22 --> Call to a member function getResult() on bool
#0 F:\SOFTWARES\htdocs\HMS\system\BaseModel.php(584): CodeIgniter\Model->doFindAll(0, 0)
#1 F:\SOFTWARES\htdocs\HMS\app\Controllers\Subwarden_chats.php(88): CodeIgniter\BaseModel->findAll()
#2 F:\SOFTWARES\htdocs\HMS\system\CodeIgniter.php(832): App\Controllers\Subwarden_Chats->getSecurity()
#3 F:\SOFTWARES\htdocs\HMS\system\CodeIgniter.php(419): CodeIgniter\CodeIgniter->runController(Object(App\Controllers\Subwarden_Chats))
#4 F:\SOFTWARES\htdocs\HMS\system\CodeIgniter.php(326): CodeIgniter\CodeIgniter->handleRequest(NULL, Object(Config\Cache), false)
#5 F:\SOFTWARES\htdocs\HMS\index.php(37): CodeIgniter\CodeIgniter->run()
#6 {main}
ERROR - 2022-07-05 10:29:24 --> Table 'security' is marked as crashed and should be repaired
CRITICAL - 2022-07-05 10:29:24 --> Call to a member function getResult() on bool
#0 F:\SOFTWARES\htdocs\HMS\system\BaseModel.php(584): CodeIgniter\Model->doFindAll(0, 0)
#1 F:\SOFTWARES\htdocs\HMS\app\Controllers\Subwarden_chats.php(88): CodeIgniter\BaseModel->findAll()
#2 F:\SOFTWARES\htdocs\HMS\system\CodeIgniter.php(832): App\Controllers\Subwarden_Chats->getSecurity()
#3 F:\SOFTWARES\htdocs\HMS\system\CodeIgniter.php(419): CodeIgniter\CodeIgniter->runController(Object(App\Controllers\Subwarden_Chats))
#4 F:\SOFTWARES\htdocs\HMS\system\CodeIgniter.php(326): CodeIgniter\CodeIgniter->handleRequest(NULL, Object(Config\Cache), false)
#5 F:\SOFTWARES\htdocs\HMS\index.php(37): CodeIgniter\CodeIgniter->run()
#6 {main}
ERROR - 2022-07-05 10:29:27 --> Table 'security' is marked as crashed and should be repaired
CRITICAL - 2022-07-05 10:29:27 --> Call to a member function getResult() on bool
#0 F:\SOFTWARES\htdocs\HMS\system\BaseModel.php(584): CodeIgniter\Model->doFindAll(0, 0)
#1 F:\SOFTWARES\htdocs\HMS\app\Controllers\Subwarden_chats.php(88): CodeIgniter\BaseModel->findAll()
#2 F:\SOFTWARES\htdocs\HMS\system\CodeIgniter.php(832): App\Controllers\Subwarden_Chats->getSecurity()
#3 F:\SOFTWARES\htdocs\HMS\system\CodeIgniter.php(419): CodeIgniter\CodeIgniter->runController(Object(App\Controllers\Subwarden_Chats))
#4 F:\SOFTWARES\htdocs\HMS\system\CodeIgniter.php(326): CodeIgniter\CodeIgniter->handleRequest(NULL, Object(Config\Cache), false)
#5 F:\SOFTWARES\htdocs\HMS\index.php(37): CodeIgniter\CodeIgniter->run()
#6 {main}
ERROR - 2022-07-05 10:29:39 --> Table 'security' is marked as crashed and should be repaired
CRITICAL - 2022-07-05 10:29:39 --> Call to a member function getResult() on bool
#0 F:\SOFTWARES\htdocs\HMS\system\BaseModel.php(584): CodeIgniter\Model->doFindAll(0, 0)
#1 F:\SOFTWARES\htdocs\HMS\app\Controllers\Subwarden_chats.php(88): CodeIgniter\BaseModel->findAll()
#2 F:\SOFTWARES\htdocs\HMS\system\CodeIgniter.php(832): App\Controllers\Subwarden_Chats->getSecurity()
#3 F:\SOFTWARES\htdocs\HMS\system\CodeIgniter.php(419): CodeIgniter\CodeIgniter->runController(Object(App\Controllers\Subwarden_Chats))
#4 F:\SOFTWARES\htdocs\HMS\system\CodeIgniter.php(326): CodeIgniter\CodeIgniter->handleRequest(NULL, Object(Config\Cache), false)
#5 F:\SOFTWARES\htdocs\HMS\index.php(37): CodeIgniter\CodeIgniter->run()
#6 {main}
ERROR - 2022-07-05 10:32:08 --> Table 'security' is marked as crashed and should be repaired
CRITICAL - 2022-07-05 10:32:08 --> Call to a member function getResult() on bool
#0 F:\SOFTWARES\htdocs\HMS\system\BaseModel.php(584): CodeIgniter\Model->doFindAll(0, 0)
#1 F:\SOFTWARES\htdocs\HMS\app\Controllers\Warden_Chats.php(153): CodeIgniter\BaseModel->findAll()
#2 F:\SOFTWARES\htdocs\HMS\system\CodeIgniter.php(832): App\Controllers\Warden_Chats->getSecurity()
#3 F:\SOFTWARES\htdocs\HMS\system\CodeIgniter.php(419): CodeIgniter\CodeIgniter->runController(Object(App\Controllers\Warden_Chats))
#4 F:\SOFTWARES\htdocs\HMS\system\CodeIgniter.php(326): CodeIgniter\CodeIgniter->handleRequest(NULL, Object(Config\Cache), false)
#5 F:\SOFTWARES\htdocs\HMS\index.php(37): CodeIgniter\CodeIgniter->run()
#6 {main}
ERROR - 2022-07-05 10:33:31 --> Table 'security' is marked as crashed and should be repaired
CRITICAL - 2022-07-05 10:33:31 --> Call to a member function getResult() on bool
#0 F:\SOFTWARES\htdocs\HMS\system\BaseModel.php(584): CodeIgniter\Model->doFindAll(0, 0)
#1 F:\SOFTWARES\htdocs\HMS\app\Controllers\Warden_Chats.php(153): CodeIgniter\BaseModel->findAll()
#2 F:\SOFTWARES\htdocs\HMS\system\CodeIgniter.php(832): App\Controllers\Warden_Chats->getSecurity()
#3 F:\SOFTWARES\htdocs\HMS\system\CodeIgniter.php(419): CodeIgniter\CodeIgniter->runController(Object(App\Controllers\Warden_Chats))
#4 F:\SOFTWARES\htdocs\HMS\system\CodeIgniter.php(326): CodeIgniter\CodeIgniter->handleRequest(NULL, Object(Config\Cache), false)
#5 F:\SOFTWARES\htdocs\HMS\index.php(37): CodeIgniter\CodeIgniter->run()
#6 {main}
ERROR - 2022-07-05 10:34:29 --> Table 'security' is marked as crashed and should be repaired
CRITICAL - 2022-07-05 10:34:29 --> Call to a member function getResult() on bool
#0 F:\SOFTWARES\htdocs\HMS\system\BaseModel.php(584): CodeIgniter\Model->doFindAll(0, 0)
#1 F:\SOFTWARES\htdocs\HMS\app\Controllers\Warden_Chats.php(153): CodeIgniter\BaseModel->findAll()
#2 F:\SOFTWARES\htdocs\HMS\system\CodeIgniter.php(832): App\Controllers\Warden_Chats->getSecurity()
#3 F:\SOFTWARES\htdocs\HMS\system\CodeIgniter.php(419): CodeIgniter\CodeIgniter->runController(Object(App\Controllers\Warden_Chats))
#4 F:\SOFTWARES\htdocs\HMS\system\CodeIgniter.php(326): CodeIgniter\CodeIgniter->handleRequest(NULL, Object(Config\Cache), false)
#5 F:\SOFTWARES\htdocs\HMS\index.php(37): CodeIgniter\CodeIgniter->run()
#6 {main}
ERROR - 2022-07-05 10:36:18 --> Table 'security' is marked as crashed and should be repaired
CRITICAL - 2022-07-05 10:36:18 --> Call to a member function getResult() on bool
#0 F:\SOFTWARES\htdocs\HMS\system\BaseModel.php(584): CodeIgniter\Model->doFindAll(0, 0)
#1 F:\SOFTWARES\htdocs\HMS\app\Controllers\Warden_Chats.php(153): CodeIgniter\BaseModel->findAll()
#2 F:\SOFTWARES\htdocs\HMS\system\CodeIgniter.php(832): App\Controllers\Warden_Chats->getSecurity()
#3 F:\SOFTWARES\htdocs\HMS\system\CodeIgniter.php(419): CodeIgniter\CodeIgniter->runController(Object(App\Controllers\Warden_Chats))
#4 F:\SOFTWARES\htdocs\HMS\system\CodeIgniter.php(326): CodeIgniter\CodeIgniter->handleRequest(NULL, Object(Config\Cache), false)
#5 F:\SOFTWARES\htdocs\HMS\index.php(37): CodeIgniter\CodeIgniter->run()
#6 {main}
ERROR - 2022-07-05 10:36:55 --> Table 'security' is marked as crashed and should be repaired
CRITICAL - 2022-07-05 10:36:55 --> Call to a member function getResult() on bool
#0 F:\SOFTWARES\htdocs\HMS\system\BaseModel.php(584): CodeIgniter\Model->doFindAll(0, 0)
#1 F:\SOFTWARES\htdocs\HMS\app\Controllers\Warden_Chats.php(153): CodeIgniter\BaseModel->findAll()
#2 F:\SOFTWARES\htdocs\HMS\system\CodeIgniter.php(832): App\Controllers\Warden_Chats->getSecurity()
#3 F:\SOFTWARES\htdocs\HMS\system\CodeIgniter.php(419): CodeIgniter\CodeIgniter->runController(Object(App\Controllers\Warden_Chats))
#4 F:\SOFTWARES\htdocs\HMS\system\CodeIgniter.php(326): CodeIgniter\CodeIgniter->handleRequest(NULL, Object(Config\Cache), false)
#5 F:\SOFTWARES\htdocs\HMS\index.php(37): CodeIgniter\CodeIgniter->run()
#6 {main}
ERROR - 2022-07-05 10:38:41 --> Table 'security' is marked as crashed and should be repaired
CRITICAL - 2022-07-05 10:38:41 --> Call to a member function getResult() on bool
#0 F:\SOFTWARES\htdocs\HMS\system\BaseModel.php(584): CodeIgniter\Model->doFindAll(0, 0)
#1 F:\SOFTWARES\htdocs\HMS\app\Controllers\Warden_Chats.php(143): CodeIgniter\BaseModel->findAll()
#2 F:\SOFTWARES\htdocs\HMS\system\CodeIgniter.php(832): App\Controllers\Warden_Chats->getSecurity()
#3 F:\SOFTWARES\htdocs\HMS\system\CodeIgniter.php(419): CodeIgniter\CodeIgniter->runController(Object(App\Controllers\Warden_Chats))
#4 F:\SOFTWARES\htdocs\HMS\system\CodeIgniter.php(326): CodeIgniter\CodeIgniter->handleRequest(NULL, Object(Config\Cache), false)
#5 F:\SOFTWARES\htdocs\HMS\index.php(37): CodeIgniter\CodeIgniter->run()
#6 {main}
ERROR - 2022-07-05 10:39:20 --> Table 'security' is marked as crashed and should be repaired
CRITICAL - 2022-07-05 10:39:20 --> Call to a member function getResult() on bool
#0 F:\SOFTWARES\htdocs\HMS\system\BaseModel.php(584): CodeIgniter\Model->doFindAll(0, 0)
#1 F:\SOFTWARES\htdocs\HMS\app\Controllers\Warden_Chats.php(148): CodeIgniter\BaseModel->findAll()
#2 F:\SOFTWARES\htdocs\HMS\system\CodeIgniter.php(832): App\Controllers\Warden_Chats->getSecurity()
#3 F:\SOFTWARES\htdocs\HMS\system\CodeIgniter.php(419): CodeIgniter\CodeIgniter->runController(Object(App\Controllers\Warden_Chats))
#4 F:\SOFTWARES\htdocs\HMS\system\CodeIgniter.php(326): CodeIgniter\CodeIgniter->handleRequest(NULL, Object(Config\Cache), false)
#5 F:\SOFTWARES\htdocs\HMS\index.php(37): CodeIgniter\CodeIgniter->run()
#6 {main}
ERROR - 2022-07-05 10:41:12 --> Table 'security' is marked as crashed and should be repaired
CRITICAL - 2022-07-05 10:41:12 --> Call to a member function getResult() on bool
#0 F:\SOFTWARES\htdocs\HMS\system\BaseModel.php(584): CodeIgniter\Model->doFindAll(0, 0)
#1 F:\SOFTWARES\htdocs\HMS\app\Controllers\Warden_Chats.php(153): CodeIgniter\BaseModel->findAll()
#2 F:\SOFTWARES\htdocs\HMS\system\CodeIgniter.php(832): App\Controllers\Warden_Chats->getSecurity()
#3 F:\SOFTWARES\htdocs\HMS\system\CodeIgniter.php(419): CodeIgniter\CodeIgniter->runController(Object(App\Controllers\Warden_Chats))
#4 F:\SOFTWARES\htdocs\HMS\system\CodeIgniter.php(326): CodeIgniter\CodeIgniter->handleRequest(NULL, Object(Config\Cache), false)
#5 F:\SOFTWARES\htdocs\HMS\index.php(37): CodeIgniter\CodeIgniter->run()
#6 {main}
ERROR - 2022-07-05 10:42:22 --> Table 'security' is marked as crashed and should be repaired
CRITICAL - 2022-07-05 10:42:22 --> Call to a member function getResult() on bool
#0 F:\SOFTWARES\htdocs\HMS\system\BaseModel.php(584): CodeIgniter\Model->doFindAll(0, 0)
#1 F:\SOFTWARES\htdocs\HMS\app\Controllers\Warden_Chats.php(153): CodeIgniter\BaseModel->findAll()
#2 F:\SOFTWARES\htdocs\HMS\system\CodeIgniter.php(832): App\Controllers\Warden_Chats->getSecurity()
#3 F:\SOFTWARES\htdocs\HMS\system\CodeIgniter.php(419): CodeIgniter\CodeIgniter->runController(Object(App\Controllers\Warden_Chats))
#4 F:\SOFTWARES\htdocs\HMS\system\CodeIgniter.php(326): CodeIgniter\CodeIgniter->handleRequest(NULL, Object(Config\Cache), false)
#5 F:\SOFTWARES\htdocs\HMS\index.php(37): CodeIgniter\CodeIgniter->run()
#6 {main}
ERROR - 2022-07-05 10:43:04 --> Table 'security' is marked as crashed and should be repaired
CRITICAL - 2022-07-05 10:43:04 --> Call to a member function getResult() on bool
#0 F:\SOFTWARES\htdocs\HMS\system\BaseModel.php(584): CodeIgniter\Model->doFindAll(0, 0)
#1 F:\SOFTWARES\htdocs\HMS\app\Controllers\Warden_Chats.php(153): CodeIgniter\BaseModel->findAll()
#2 F:\SOFTWARES\htdocs\HMS\system\CodeIgniter.php(832): App\Controllers\Warden_Chats->getSecurity()
#3 F:\SOFTWARES\htdocs\HMS\system\CodeIgniter.php(419): CodeIgniter\CodeIgniter->runController(Object(App\Controllers\Warden_Chats))
#4 F:\SOFTWARES\htdocs\HMS\system\CodeIgniter.php(326): CodeIgniter\CodeIgniter->handleRequest(NULL, Object(Config\Cache), false)
#5 F:\SOFTWARES\htdocs\HMS\index.php(37): CodeIgniter\CodeIgniter->run()
#6 {main}
ERROR - 2022-07-05 10:43:11 --> Table 'security' is marked as crashed and should be repaired
CRITICAL - 2022-07-05 10:43:11 --> Call to a member function getResult() on bool
#0 F:\SOFTWARES\htdocs\HMS\system\BaseModel.php(584): CodeIgniter\Model->doFindAll(0, 0)
#1 F:\SOFTWARES\htdocs\HMS\app\Controllers\Warden_Chats.php(153): CodeIgniter\BaseModel->findAll()
#2 F:\SOFTWARES\htdocs\HMS\system\CodeIgniter.php(832): App\Controllers\Warden_Chats->getSecurity()
#3 F:\SOFTWARES\htdocs\HMS\system\CodeIgniter.php(419): CodeIgniter\CodeIgniter->runController(Object(App\Controllers\Warden_Chats))
#4 F:\SOFTWARES\htdocs\HMS\system\CodeIgniter.php(326): CodeIgniter\CodeIgniter->handleRequest(NULL, Object(Config\Cache), false)
#5 F:\SOFTWARES\htdocs\HMS\index.php(37): CodeIgniter\CodeIgniter->run()
#6 {main}
ERROR - 2022-07-05 10:43:16 --> Table 'security' is marked as crashed and should be repaired
CRITICAL - 2022-07-05 10:43:16 --> Call to a member function getResult() on bool
#0 F:\SOFTWARES\htdocs\HMS\system\BaseModel.php(584): CodeIgniter\Model->doFindAll(0, 0)
#1 F:\SOFTWARES\htdocs\HMS\app\Controllers\Warden_Chats.php(153): CodeIgniter\BaseModel->findAll()
#2 F:\SOFTWARES\htdocs\HMS\system\CodeIgniter.php(832): App\Controllers\Warden_Chats->getSecurity()
#3 F:\SOFTWARES\htdocs\HMS\system\CodeIgniter.php(419): CodeIgniter\CodeIgniter->runController(Object(App\Controllers\Warden_Chats))
#4 F:\SOFTWARES\htdocs\HMS\system\CodeIgniter.php(326): CodeIgniter\CodeIgniter->handleRequest(NULL, Object(Config\Cache), false)
#5 F:\SOFTWARES\htdocs\HMS\index.php(37): CodeIgniter\CodeIgniter->run()
#6 {main}
ERROR - 2022-07-05 10:43:18 --> Table 'security' is marked as crashed and should be repaired
CRITICAL - 2022-07-05 10:43:18 --> Call to a member function getResult() on bool
#0 F:\SOFTWARES\htdocs\HMS\system\BaseModel.php(584): CodeIgniter\Model->doFindAll(0, 0)
#1 F:\SOFTWARES\htdocs\HMS\app\Controllers\Warden_Chats.php(153): CodeIgniter\BaseModel->findAll()
#2 F:\SOFTWARES\htdocs\HMS\system\CodeIgniter.php(832): App\Controllers\Warden_Chats->getSecurity()
#3 F:\SOFTWARES\htdocs\HMS\system\CodeIgniter.php(419): CodeIgniter\CodeIgniter->runController(Object(App\Controllers\Warden_Chats))
#4 F:\SOFTWARES\htdocs\HMS\system\CodeIgniter.php(326): CodeIgniter\CodeIgniter->handleRequest(NULL, Object(Config\Cache), false)
#5 F:\SOFTWARES\htdocs\HMS\index.php(37): CodeIgniter\CodeIgniter->run()
#6 {main}
ERROR - 2022-07-05 10:43:54 --> Table 'security' is marked as crashed and should be repaired
CRITICAL - 2022-07-05 10:43:54 --> Call to a member function getResult() on bool
#0 F:\SOFTWARES\htdocs\HMS\system\BaseModel.php(584): CodeIgniter\Model->doFindAll(0, 0)
#1 F:\SOFTWARES\htdocs\HMS\app\Controllers\Warden_Chats.php(153): CodeIgniter\BaseModel->findAll()
#2 F:\SOFTWARES\htdocs\HMS\system\CodeIgniter.php(832): App\Controllers\Warden_Chats->getSecurity()
#3 F:\SOFTWARES\htdocs\HMS\system\CodeIgniter.php(419): CodeIgniter\CodeIgniter->runController(Object(App\Controllers\Warden_Chats))
#4 F:\SOFTWARES\htdocs\HMS\system\CodeIgniter.php(326): CodeIgniter\CodeIgniter->handleRequest(NULL, Object(Config\Cache), false)
#5 F:\SOFTWARES\htdocs\HMS\index.php(37): CodeIgniter\CodeIgniter->run()
#6 {main}
ERROR - 2022-07-05 10:44:06 --> Table 'security' is marked as crashed and should be repaired
CRITICAL - 2022-07-05 10:44:07 --> Call to a member function getResult() on bool
#0 F:\SOFTWARES\htdocs\HMS\system\BaseModel.php(584): CodeIgniter\Model->doFindAll(0, 0)
#1 F:\SOFTWARES\htdocs\HMS\app\Controllers\Warden_Chats.php(153): CodeIgniter\BaseModel->findAll()
#2 F:\SOFTWARES\htdocs\HMS\system\CodeIgniter.php(832): App\Controllers\Warden_Chats->getSecurity()
#3 F:\SOFTWARES\htdocs\HMS\system\CodeIgniter.php(419): CodeIgniter\CodeIgniter->runController(Object(App\Controllers\Warden_Chats))
#4 F:\SOFTWARES\htdocs\HMS\system\CodeIgniter.php(326): CodeIgniter\CodeIgniter->handleRequest(NULL, Object(Config\Cache), false)
#5 F:\SOFTWARES\htdocs\HMS\index.php(37): CodeIgniter\CodeIgniter->run()
#6 {main}
ERROR - 2022-07-05 10:44:14 --> Table 'security' is marked as crashed and should be repaired
CRITICAL - 2022-07-05 10:44:14 --> Call to a member function getResult() on bool
#0 F:\SOFTWARES\htdocs\HMS\system\BaseModel.php(584): CodeIgniter\Model->doFindAll(0, 0)
#1 F:\SOFTWARES\htdocs\HMS\app\Controllers\Warden_Chats.php(153): CodeIgniter\BaseModel->findAll()
#2 F:\SOFTWARES\htdocs\HMS\system\CodeIgniter.php(832): App\Controllers\Warden_Chats->getSecurity()
#3 F:\SOFTWARES\htdocs\HMS\system\CodeIgniter.php(419): CodeIgniter\CodeIgniter->runController(Object(App\Controllers\Warden_Chats))
#4 F:\SOFTWARES\htdocs\HMS\system\CodeIgniter.php(326): CodeIgniter\CodeIgniter->handleRequest(NULL, Object(Config\Cache), false)
#5 F:\SOFTWARES\htdocs\HMS\index.php(37): CodeIgniter\CodeIgniter->run()
#6 {main}
ERROR - 2022-07-05 10:44:21 --> Table 'security' is marked as crashed and should be repaired
CRITICAL - 2022-07-05 10:44:21 --> Call to a member function getResult() on bool
#0 F:\SOFTWARES\htdocs\HMS\system\BaseModel.php(584): CodeIgniter\Model->doFindAll(0, 0)
#1 F:\SOFTWARES\htdocs\HMS\app\Controllers\Warden_Chats.php(153): CodeIgniter\BaseModel->findAll()
#2 F:\SOFTWARES\htdocs\HMS\system\CodeIgniter.php(832): App\Controllers\Warden_Chats->getSecurity()
#3 F:\SOFTWARES\htdocs\HMS\system\CodeIgniter.php(419): CodeIgniter\CodeIgniter->runController(Object(App\Controllers\Warden_Chats))
#4 F:\SOFTWARES\htdocs\HMS\system\CodeIgniter.php(326): CodeIgniter\CodeIgniter->handleRequest(NULL, Object(Config\Cache), false)
#5 F:\SOFTWARES\htdocs\HMS\index.php(37): CodeIgniter\CodeIgniter->run()
#6 {main}
ERROR - 2022-07-05 10:44:29 --> Table 'security' is marked as crashed and should be repaired
CRITICAL - 2022-07-05 10:44:29 --> Call to a member function getResult() on bool
#0 F:\SOFTWARES\htdocs\HMS\system\BaseModel.php(584): CodeIgniter\Model->doFindAll(0, 0)
#1 F:\SOFTWARES\htdocs\HMS\app\Controllers\Warden_Chats.php(153): CodeIgniter\BaseModel->findAll()
#2 F:\SOFTWARES\htdocs\HMS\system\CodeIgniter.php(832): App\Controllers\Warden_Chats->getSecurity()
#3 F:\SOFTWARES\htdocs\HMS\system\CodeIgniter.php(419): CodeIgniter\CodeIgniter->runController(Object(App\Controllers\Warden_Chats))
#4 F:\SOFTWARES\htdocs\HMS\system\CodeIgniter.php(326): CodeIgniter\CodeIgniter->handleRequest(NULL, Object(Config\Cache), false)
#5 F:\SOFTWARES\htdocs\HMS\index.php(37): CodeIgniter\CodeIgniter->run()
#6 {main}
ERROR - 2022-07-05 10:44:37 --> Table 'security' is marked as crashed and should be repaired
CRITICAL - 2022-07-05 10:44:37 --> Call to a member function getResult() on bool
#0 F:\SOFTWARES\htdocs\HMS\system\BaseModel.php(584): CodeIgniter\Model->doFindAll(0, 0)
#1 F:\SOFTWARES\htdocs\HMS\app\Controllers\Warden_Chats.php(153): CodeIgniter\BaseModel->findAll()
#2 F:\SOFTWARES\htdocs\HMS\system\CodeIgniter.php(832): App\Controllers\Warden_Chats->getSecurity()
#3 F:\SOFTWARES\htdocs\HMS\system\CodeIgniter.php(419): CodeIgniter\CodeIgniter->runController(Object(App\Controllers\Warden_Chats))
#4 F:\SOFTWARES\htdocs\HMS\system\CodeIgniter.php(326): CodeIgniter\CodeIgniter->handleRequest(NULL, Object(Config\Cache), false)
#5 F:\SOFTWARES\htdocs\HMS\index.php(37): CodeIgniter\CodeIgniter->run()
#6 {main}
ERROR - 2022-07-05 10:44:49 --> Table 'security' is marked as crashed and should be repaired
CRITICAL - 2022-07-05 10:44:49 --> Call to a member function getResult() on bool
#0 F:\SOFTWARES\htdocs\HMS\system\BaseModel.php(584): CodeIgniter\Model->doFindAll(0, 0)
#1 F:\SOFTWARES\htdocs\HMS\app\Controllers\Warden_Chats.php(153): CodeIgniter\BaseModel->findAll()
#2 F:\SOFTWARES\htdocs\HMS\system\CodeIgniter.php(832): App\Controllers\Warden_Chats->getSecurity()
#3 F:\SOFTWARES\htdocs\HMS\system\CodeIgniter.php(419): CodeIgniter\CodeIgniter->runController(Object(App\Controllers\Warden_Chats))
#4 F:\SOFTWARES\htdocs\HMS\system\CodeIgniter.php(326): CodeIgniter\CodeIgniter->handleRequest(NULL, Object(Config\Cache), false)
#5 F:\SOFTWARES\htdocs\HMS\index.php(37): CodeIgniter\CodeIgniter->run()
#6 {main}
ERROR - 2022-07-05 10:44:52 --> Table 'security' is marked as crashed and should be repaired
CRITICAL - 2022-07-05 10:44:52 --> Call to a member function getResult() on bool
#0 F:\SOFTWARES\htdocs\HMS\system\BaseModel.php(584): CodeIgniter\Model->doFindAll(0, 0)
#1 F:\SOFTWARES\htdocs\HMS\app\Controllers\Warden_Chats.php(153): CodeIgniter\BaseModel->findAll()
#2 F:\SOFTWARES\htdocs\HMS\system\CodeIgniter.php(832): App\Controllers\Warden_Chats->getSecurity()
#3 F:\SOFTWARES\htdocs\HMS\system\CodeIgniter.php(419): CodeIgniter\CodeIgniter->runController(Object(App\Controllers\Warden_Chats))
#4 F:\SOFTWARES\htdocs\HMS\system\CodeIgniter.php(326): CodeIgniter\CodeIgniter->handleRequest(NULL, Object(Config\Cache), false)
#5 F:\SOFTWARES\htdocs\HMS\index.php(37): CodeIgniter\CodeIgniter->run()
#6 {main}
ERROR - 2022-07-05 10:45:50 --> Table 'security' is marked as crashed and should be repaired
CRITICAL - 2022-07-05 10:45:50 --> Call to a member function getResult() on bool
#0 F:\SOFTWARES\htdocs\HMS\system\BaseModel.php(584): CodeIgniter\Model->doFindAll(0, 0)
#1 F:\SOFTWARES\htdocs\HMS\app\Controllers\Warden_Chats.php(153): CodeIgniter\BaseModel->findAll()
#2 F:\SOFTWARES\htdocs\HMS\system\CodeIgniter.php(832): App\Controllers\Warden_Chats->getSecurity()
#3 F:\SOFTWARES\htdocs\HMS\system\CodeIgniter.php(419): CodeIgniter\CodeIgniter->runController(Object(App\Controllers\Warden_Chats))
#4 F:\SOFTWARES\htdocs\HMS\system\CodeIgniter.php(326): CodeIgniter\CodeIgniter->handleRequest(NULL, Object(Config\Cache), false)
#5 F:\SOFTWARES\htdocs\HMS\index.php(37): CodeIgniter\CodeIgniter->run()
#6 {main}
CRITICAL - 2022-07-05 13:45:55 --> Call to a member function isValid() on null
#0 F:\SOFTWARES\htdocs\HMS\system\CodeIgniter.php(832): App\Controllers\Warden_Dashboard->upPro()
#1 F:\SOFTWARES\htdocs\HMS\system\CodeIgniter.php(419): CodeIgniter\CodeIgniter->runController(Object(App\Controllers\Warden_Dashboard))
#2 F:\SOFTWARES\htdocs\HMS\system\CodeIgniter.php(326): CodeIgniter\CodeIgniter->handleRequest(NULL, Object(Config\Cache), false)
#3 F:\SOFTWARES\htdocs\HMS\index.php(37): CodeIgniter\CodeIgniter->run()
#4 {main}
CRITICAL - 2022-07-05 13:46:15 --> Call to a member function isValid() on null
#0 F:\SOFTWARES\htdocs\HMS\system\CodeIgniter.php(832): App\Controllers\Warden_Dashboard->upPro()
#1 F:\SOFTWARES\htdocs\HMS\system\CodeIgniter.php(419): CodeIgniter\CodeIgniter->runController(Object(App\Controllers\Warden_Dashboard))
#2 F:\SOFTWARES\htdocs\HMS\system\CodeIgniter.php(326): CodeIgniter\CodeIgniter->handleRequest(NULL, Object(Config\Cache), false)
#3 F:\SOFTWARES\htdocs\HMS\index.php(37): CodeIgniter\CodeIgniter->run()
#4 {main}
CRITICAL - 2022-07-05 13:46:32 --> Unterminated comment starting line 203
#0 F:\SOFTWARES\htdocs\HMS\system\Autoloader\Autoloader.php(241): CodeIgniter\Autoloader\Autoloader->includeFile('F:\\SOFTWARES\\ht...')
#1 F:\SOFTWARES\htdocs\HMS\system\Autoloader\Autoloader.php(219): CodeIgniter\Autoloader\Autoloader->loadInNamespace('App\\Controllers...')
#2 [internal function]: CodeIgniter\Autoloader\Autoloader->loadClass('App\\Controllers...')
#3 F:\SOFTWARES\htdocs\HMS\system\CodeIgniter.php(797): class_exists('\\App\\Controller...', true)
#4 F:\SOFTWARES\htdocs\HMS\system\CodeIgniter.php(406): CodeIgniter\CodeIgniter->startController()
#5 F:\SOFTWARES\htdocs\HMS\system\CodeIgniter.php(326): CodeIgniter\CodeIgniter->handleRequest(NULL, Object(Config\Cache), false)
#6 F:\SOFTWARES\htdocs\HMS\index.php(37): CodeIgniter\CodeIgniter->run()
#7 {main}
CRITICAL - 2022-07-05 13:49:45 --> Call to a member function isValid() on null
#0 F:\SOFTWARES\htdocs\HMS\system\CodeIgniter.php(832): App\Controllers\Warden_Dashboard->upPro()
#1 F:\SOFTWARES\htdocs\HMS\system\CodeIgniter.php(419): CodeIgniter\CodeIgniter->runController(Object(App\Controllers\Warden_Dashboard))
#2 F:\SOFTWARES\htdocs\HMS\system\CodeIgniter.php(326): CodeIgniter\CodeIgniter->handleRequest(NULL, Object(Config\Cache), false)
#3 F:\SOFTWARES\htdocs\HMS\index.php(37): CodeIgniter\CodeIgniter->run()
#4 {main}
CRITICAL - 2022-07-05 15:04:05 -->  route cannot be found while reverse-routing.
#0 F:\SOFTWARES\htdocs\HMS\system\HTTP\RedirectResponse.php(56): CodeIgniter\HTTP\Exceptions\HTTPException::forInvalidRedirectRoute('')
#1 F:\SOFTWARES\htdocs\HMS\system\Common.php(832): CodeIgniter\HTTP\RedirectResponse->route(false)
#2 F:\SOFTWARES\htdocs\HMS\app\Controllers\Warden_Dashboard.php(194): redirect('http://localhos...')
#3 F:\SOFTWARES\htdocs\HMS\system\CodeIgniter.php(832): App\Controllers\Warden_Dashboard->update_propic()
#4 F:\SOFTWARES\htdocs\HMS\system\CodeIgniter.php(419): CodeIgniter\CodeIgniter->runController(Object(App\Controllers\Warden_Dashboard))
#5 F:\SOFTWARES\htdocs\HMS\system\CodeIgniter.php(326): CodeIgniter\CodeIgniter->handleRequest(NULL, Object(Config\Cache), false)
#6 F:\SOFTWARES\htdocs\HMS\index.php(37): CodeIgniter\CodeIgniter->run()
#7 {main}
CRITICAL - 2022-07-05 15:04:41 -->  route cannot be found while reverse-routing.
#0 F:\SOFTWARES\htdocs\HMS\system\HTTP\RedirectResponse.php(56): CodeIgniter\HTTP\Exceptions\HTTPException::forInvalidRedirectRoute('')
#1 F:\SOFTWARES\htdocs\HMS\system\Common.php(832): CodeIgniter\HTTP\RedirectResponse->route(false)
#2 F:\SOFTWARES\htdocs\HMS\app\Controllers\Warden_Dashboard.php(194): redirect('/')
#3 F:\SOFTWARES\htdocs\HMS\system\CodeIgniter.php(832): App\Controllers\Warden_Dashboard->update_propic()
#4 F:\SOFTWARES\htdocs\HMS\system\CodeIgniter.php(419): CodeIgniter\CodeIgniter->runController(Object(App\Controllers\Warden_Dashboard))
#5 F:\SOFTWARES\htdocs\HMS\system\CodeIgniter.php(326): CodeIgniter\CodeIgniter->handleRequest(NULL, Object(Config\Cache), false)
#6 F:\SOFTWARES\htdocs\HMS\index.php(37): CodeIgniter\CodeIgniter->run()
#7 {main}
